<?xml version="1.0" encoding="UTF-8"?>
<!-- Generated by org.testng.reporters.JUnitReportReporter -->
<testsuite hostname="DESKTOP-5VPG43M" failures="0" tests="3" name="testcases.TestCase1" time="0.164" errors="0" timestamp="14 Jul 2020 05:17:00 GMT" skipped="1">
  <testcase classname="testcases.TestCase1" name="isSkip" time="0.128">
    <skipped/>
  </testcase> <!-- isSkip -->
  <testcase classname="testcases.TestCase1" name="doLogin" time="0.028"/>
  <testcase classname="testcases.TestCase1" name="doUserReg" time="0.008"/>
</testsuite> <!-- testcases.TestCase1 -->
