<?xml version="1.0" encoding="UTF-8"?>
<!-- Generated by org.testng.reporters.JUnitReportReporter -->
<testsuite hostname="DESKTOP-5VPG43M" failures="0" tests="3" name="testcases.TestCase1" time="0.108" errors="0" timestamp="13 Jul 2020 09:37:48 GMT" skipped="0">
  <testcase classname="testcases.TestCase1" name="isSkip" time="0.002"/>
  <testcase classname="testcases.TestCase1" name="doUserReg" time="0.005"/>
  <testcase classname="testcases.TestCase1" name="doLogin" time="0.101"/>
</testsuite> <!-- testcases.TestCase1 -->
