<?xml version="1.0" encoding="UTF-8"?>
<!-- Generated by org.testng.reporters.JUnitReportReporter -->
<testsuite hostname="DESKTOP-5VPG43M" failures="0" tests="3" name="testcases.TestCase1" time="0.046" errors="0" timestamp="14 Jul 2020 02:19:26 GMT" skipped="0">
  <testcase classname="testcases.TestCase1" name="doUserReg" time="0.025"/>
  <testcase classname="testcases.TestCase1" name="doLogin" time="0.016"/>
  <testcase classname="testcases.TestCase1" name="isSkip" time="0.005"/>
</testsuite> <!-- testcases.TestCase1 -->
